2025-11-07T11:29:47.231+05:30  INFO 13932 --- [Arc-i-Tech Backend] [restartedMain] c.arcitech.ArcITechBackendApplication    : Starting ArcITechBackendApplication using Java 17.0.16 with PID 13932 (C:\Users\ajdes\Downloads\PROJECTS\Arc-i-Tech_Projectss\Test\Arc-i-Tech_backend\target\classes started by ajdes in C:\Users\ajdes\Downloads\PROJECTS\Arc-i-Tech_Projectss\Test)
2025-11-07T11:29:47.247+05:30  INFO 13932 --- [Arc-i-Tech Backend] [restartedMain] c.arcitech.ArcITechBackendApplication    : No active profile set, falling back to 1 default profile: "default"
2025-11-07T11:29:47.725+05:30  INFO 13932 --- [Arc-i-Tech Backend] [restartedMain] .e.DevToolsPropertyDefaultsPostProcessor : Devtools property defaults active! Set 'spring.devtools.add-properties' to 'false' to disable
2025-11-07T11:29:47.867+05:30  INFO 13932 --- [Arc-i-Tech Backend] [restartedMain] .e.DevToolsPropertyDefaultsPostProcessor : For additional web related logging consider setting the 'logging.level.web' property to 'DEBUG'
2025-11-07T11:29:51.554+05:30  INFO 13932 --- [Arc-i-Tech Backend] [restartedMain] .s.d.r.c.RepositoryConfigurationDelegate : Bootstrapping Spring Data JPA repositories in DEFAULT mode.
2025-11-07T11:29:52.015+05:30  INFO 13932 --- [Arc-i-Tech Backend] [restartedMain] .s.d.r.c.RepositoryConfigurationDelegate : Finished Spring Data repository scanning in 360 ms. Found 11 JPA repository interfaces.
2025-11-07T11:29:55.629+05:30  INFO 13932 --- [Arc-i-Tech Backend] [restartedMain] o.s.b.w.embedded.tomcat.TomcatWebServer  : Tomcat initialized with port 8000 (http)
2025-11-07T11:29:55.729+05:30  INFO 13932 --- [Arc-i-Tech Backend] [restartedMain] o.apache.catalina.core.StandardService   : Starting service [Tomcat]
2025-11-07T11:29:55.733+05:30  INFO 13932 --- [Arc-i-Tech Backend] [restartedMain] o.apache.catalina.core.StandardEngine    : Starting Servlet engine: [Apache Tomcat/10.1.48]
2025-11-07T11:29:55.912+05:30  INFO 13932 --- [Arc-i-Tech Backend] [restartedMain] o.a.c.c.C.[Tomcat].[localhost].[/]       : Initializing Spring embedded WebApplicationContext
2025-11-07T11:29:55.915+05:30  INFO 13932 --- [Arc-i-Tech Backend] [restartedMain] w.s.c.ServletWebServerApplicationContext : Root WebApplicationContext: initialization completed in 7906 ms
2025-11-07T11:29:56.735+05:30  INFO 13932 --- [Arc-i-Tech Backend] [restartedMain] o.hibernate.jpa.internal.util.LogHelper  : HHH000204: Processing PersistenceUnitInfo [name: default]
2025-11-07T11:29:57.821+05:30  INFO 13932 --- [Arc-i-Tech Backend] [restartedMain] org.hibernate.Version                    : HHH000412: Hibernate ORM core version 6.6.33.Final
2025-11-07T11:29:57.996+05:30  INFO 13932 --- [Arc-i-Tech Backend] [restartedMain] o.h.c.internal.RegionFactoryInitiator    : HHH000026: Second-level cache disabled
2025-11-07T11:29:58.915+05:30  INFO 13932 --- [Arc-i-Tech Backend] [restartedMain] o.s.o.j.p.SpringPersistenceUnitInfo      : No LoadTimeWeaver setup: ignoring JPA class transformer
2025-11-07T11:29:58.996+05:30  INFO 13932 --- [Arc-i-Tech Backend] [restartedMain] com.zaxxer.hikari.HikariDataSource       : HikariPool-1 - Starting...
2025-11-07T11:29:59.841+05:30  INFO 13932 --- [Arc-i-Tech Backend] [restartedMain] com.zaxxer.hikari.pool.HikariPool        : HikariPool-1 - Added connection com.mysql.cj.jdbc.ConnectionImpl@4e519e79
2025-11-07T11:29:59.891+05:30  INFO 13932 --- [Arc-i-Tech Backend] [restartedMain] com.zaxxer.hikari.HikariDataSource       : HikariPool-1 - Start completed.
2025-11-07T11:30:00.778+05:30  WARN 13932 --- [Arc-i-Tech Backend] [restartedMain] org.hibernate.orm.deprecation            : HHH90000025: MySQL8Dialect does not need to be specified explicitly using 'hibernate.dialect' (remove the property setting and it will be selected by default)
2025-11-07T11:30:00.789+05:30  WARN 13932 --- [Arc-i-Tech Backend] [restartedMain] org.hibernate.orm.deprecation            : HHH90000026: MySQL8Dialect has been deprecated; use org.hibernate.dialect.MySQLDialect instead
2025-11-07T11:30:01.044+05:30  INFO 13932 --- [Arc-i-Tech Backend] [restartedMain] org.hibernate.orm.connections.pooling    : HHH10001005: Database info:
	Database JDBC URL [Connecting through datasource 'HikariDataSource (HikariPool-1)']
	Database driver: undefined/unknown
	Database version: 8.0
	Autocommit mode: undefined/unknown
	Isolation level: undefined/unknown
	Minimum pool size: undefined/unknown
	Maximum pool size: undefined/unknown
2025-11-07T11:30:01.114+05:30 DEBUG 13932 --- [Arc-i-Tech Backend] [restartedMain] o.h.t.d.sql.spi.DdlTypeRegistry          : addDescriptor(12, org.hibernate.type.descriptor.sql.internal.CapacityDependentDdlType@1b010211) replaced previous registration(org.hibernate.type.descriptor.sql.internal.CapacityDependentDdlType@1361eff6)
2025-11-07T11:30:01.116+05:30 DEBUG 13932 --- [Arc-i-Tech Backend] [restartedMain] o.h.t.d.sql.spi.DdlTypeRegistry          : addDescriptor(-9, org.hibernate.type.descriptor.sql.internal.CapacityDependentDdlType@5fa5d556) replaced previous registration(org.hibernate.type.descriptor.sql.internal.CapacityDependentDdlType@7cb4225)
2025-11-07T11:30:01.116+05:30 DEBUG 13932 --- [Arc-i-Tech Backend] [restartedMain] o.h.t.d.sql.spi.DdlTypeRegistry          : addDescriptor(-3, org.hibernate.type.descriptor.sql.internal.CapacityDependentDdlType@14c9c947) replaced previous registration(org.hibernate.type.descriptor.sql.internal.CapacityDependentDdlType@8cb9a77)
2025-11-07T11:30:01.123+05:30 DEBUG 13932 --- [Arc-i-Tech Backend] [restartedMain] o.h.t.d.sql.spi.DdlTypeRegistry          : addDescriptor(4003, org.hibernate.type.descriptor.sql.internal.DdlTypeImpl@79b5e15d) replaced previous registration(org.hibernate.type.descriptor.sql.internal.DdlTypeImpl@24b24e24)
2025-11-07T11:30:01.129+05:30 DEBUG 13932 --- [Arc-i-Tech Backend] [restartedMain] o.h.t.d.sql.spi.DdlTypeRegistry          : addDescriptor(4001, org.hibernate.type.descriptor.sql.internal.DdlTypeImpl@7eeb3804) replaced previous registration(org.hibernate.type.descriptor.sql.internal.DdlTypeImpl@2a271d8c)
2025-11-07T11:30:01.139+05:30 DEBUG 13932 --- [Arc-i-Tech Backend] [restartedMain] o.h.t.d.sql.spi.DdlTypeRegistry          : addDescriptor(4002, org.hibernate.type.descriptor.sql.internal.DdlTypeImpl@7cceae9c) replaced previous registration(org.hibernate.type.descriptor.sql.internal.DdlTypeImpl@4abb0c4f)
2025-11-07T11:30:01.139+05:30 DEBUG 13932 --- [Arc-i-Tech Backend] [restartedMain] o.h.t.d.sql.spi.DdlTypeRegistry          : addDescriptor(2004, org.hibernate.type.descriptor.sql.internal.CapacityDependentDdlType@6d372604) replaced previous registration(org.hibernate.type.descriptor.sql.internal.DdlTypeImpl@7fee9d53)
2025-11-07T11:30:01.148+05:30 DEBUG 13932 --- [Arc-i-Tech Backend] [restartedMain] o.h.t.d.sql.spi.DdlTypeRegistry          : addDescriptor(2005, org.hibernate.type.descriptor.sql.internal.CapacityDependentDdlType@765d667c) replaced previous registration(org.hibernate.type.descriptor.sql.internal.DdlTypeImpl@6496c58c)
2025-11-07T11:30:01.148+05:30 DEBUG 13932 --- [Arc-i-Tech Backend] [restartedMain] o.h.t.d.sql.spi.DdlTypeRegistry          : addDescriptor(2011, org.hibernate.type.descriptor.sql.internal.CapacityDependentDdlType@3045c81c) replaced previous registration(org.hibernate.type.descriptor.sql.internal.DdlTypeImpl@3b4adf42)
2025-11-07T11:30:04.431+05:30  WARN 13932 --- [Arc-i-Tech Backend] [restartedMain] org.hibernate.mapping.RootClass          : HHH000038: Composite-id class does not override equals(): com.arcitech.model.RolePermission$RolePermissionKey
2025-11-07T11:30:04.434+05:30  WARN 13932 --- [Arc-i-Tech Backend] [restartedMain] org.hibernate.mapping.RootClass          : HHH000039: Composite-id class does not override hashCode(): com.arcitech.model.RolePermission$RolePermissionKey
2025-11-07T11:30:04.438+05:30  WARN 13932 --- [Arc-i-Tech Backend] [restartedMain] org.hibernate.mapping.RootClass          : HHH000038: Composite-id class does not override equals(): com.arcitech.model.QuizQuestion$QuizQuestionKey
2025-11-07T11:30:04.438+05:30  WARN 13932 --- [Arc-i-Tech Backend] [restartedMain] org.hibernate.mapping.RootClass          : HHH000039: Composite-id class does not override hashCode(): com.arcitech.model.QuizQuestion$QuizQuestionKey
2025-11-07T11:30:04.444+05:30  WARN 13932 --- [Arc-i-Tech Backend] [restartedMain] org.hibernate.mapping.RootClass          : HHH000038: Composite-id class does not override equals(): com.arcitech.model.UserRole$UserRoleKey
2025-11-07T11:30:04.453+05:30  WARN 13932 --- [Arc-i-Tech Backend] [restartedMain] org.hibernate.mapping.RootClass          : HHH000039: Composite-id class does not override hashCode(): com.arcitech.model.UserRole$UserRoleKey
2025-11-07T11:30:04.460+05:30  WARN 13932 --- [Arc-i-Tech Backend] [restartedMain] org.hibernate.mapping.RootClass          : HHH000038: Composite-id class does not override equals(): com.arcitech.model.ServiceCategoryMap$ServiceCategoryMapKey
2025-11-07T11:30:04.472+05:30  WARN 13932 --- [Arc-i-Tech Backend] [restartedMain] org.hibernate.mapping.RootClass          : HHH000039: Composite-id class does not override hashCode(): com.arcitech.model.ServiceCategoryMap$ServiceCategoryMapKey
2025-11-07T11:30:04.476+05:30  WARN 13932 --- [Arc-i-Tech Backend] [restartedMain] org.hibernate.mapping.RootClass          : HHH000038: Composite-id class does not override equals(): com.arcitech.model.AppointmentAttendee$AppointmentAttendeeKey
2025-11-07T11:30:04.480+05:30  WARN 13932 --- [Arc-i-Tech Backend] [restartedMain] org.hibernate.mapping.RootClass          : HHH000039: Composite-id class does not override hashCode(): com.arcitech.model.AppointmentAttendee$AppointmentAttendeeKey
2025-11-07T11:30:07.311+05:30  INFO 13932 --- [Arc-i-Tech Backend] [restartedMain] o.h.e.t.j.p.i.JtaPlatformInitiator       : HHH000489: No JTA platform available (set 'hibernate.transaction.jta.platform' to enable JTA platform integration)
2025-11-07T11:30:07.775+05:30  INFO 13932 --- [Arc-i-Tech Backend] [restartedMain] j.LocalContainerEntityManagerFactoryBean : Initialized JPA EntityManagerFactory for persistence unit 'default'
2025-11-07T11:30:09.544+05:30  INFO 13932 --- [Arc-i-Tech Backend] [restartedMain] eAuthenticationProviderManagerConfigurer : Global AuthenticationManager configured with AuthenticationProvider bean with name authenticationProvider
2025-11-07T11:30:09.544+05:30  WARN 13932 --- [Arc-i-Tech Backend] [restartedMain] r$InitializeUserDetailsManagerConfigurer : Global AuthenticationManager configured with an AuthenticationProvider bean. UserDetailsService beans will not be used by Spring Security for automatically configuring username/password login. Consider removing the AuthenticationProvider bean. Alternatively, consider using the UserDetailsService in a manually instantiated DaoAuthenticationProvider. If the current configuration is intentional, to turn off this warning, increase the logging level of 'org.springframework.security.config.annotation.authentication.configuration.InitializeUserDetailsBeanManagerConfigurer' to ERROR
2025-11-07T11:30:09.833+05:30  WARN 13932 --- [Arc-i-Tech Backend] [restartedMain] ConfigServletWebServerApplicationContext : Exception encountered during context initialization - cancelling refresh attempt: org.springframework.beans.factory.UnsatisfiedDependencyException: Error creating bean with name 'projectController' defined in file [C:\Users\ajdes\Downloads\PROJECTS\Arc-i-Tech_Projectss\Test\Arc-i-Tech_backend\target\classes\com\arcitech\controller\ProjectController.class]: Unsatisfied dependency expressed through constructor parameter 0: Error creating bean with name 'projectService' defined in file [C:\Users\ajdes\Downloads\PROJECTS\Arc-i-Tech_Projectss\Test\Arc-i-Tech_backend\target\classes\com\arcitech\service\ProjectService.class]: Unsatisfied dependency expressed through constructor parameter 0: Error creating bean with name 'projectRepository' defined in com.arcitech.repository.ProjectRepository defined in @EnableJpaRepositories declared on JpaRepositoriesRegistrar.EnableJpaRepositoriesConfiguration: Could not create query for public abstract java.util.List com.arcitech.repository.ProjectRepository.findByClient(com.arcitech.model.User); Reason: Failed to create query for method public abstract java.util.List com.arcitech.repository.ProjectRepository.findByClient(com.arcitech.model.User); Could not resolve attribute 'client' of 'com.arcitech.model.Project'
2025-11-07T11:30:09.834+05:30  INFO 13932 --- [Arc-i-Tech Backend] [restartedMain] j.LocalContainerEntityManagerFactoryBean : Closing JPA EntityManagerFactory for persistence unit 'default'
2025-11-07T11:30:09.909+05:30  INFO 13932 --- [Arc-i-Tech Backend] [restartedMain] com.zaxxer.hikari.HikariDataSource       : HikariPool-1 - Shutdown initiated...
2025-11-07T11:30:10.076+05:30  INFO 13932 --- [Arc-i-Tech Backend] [restartedMain] com.zaxxer.hikari.HikariDataSource       : HikariPool-1 - Shutdown completed.
2025-11-07T11:30:10.080+05:30  INFO 13932 --- [Arc-i-Tech Backend] [restartedMain] o.apache.catalina.core.StandardService   : Stopping service [Tomcat]
2025-11-07T11:30:10.125+05:30  INFO 13932 --- [Arc-i-Tech Backend] [restartedMain] .s.b.a.l.ConditionEvaluationReportLogger : 

Error starting ApplicationContext. To display the condition evaluation report re-run your application with 'debug' enabled.
2025-11-07T11:30:10.214+05:30 ERROR 13932 --- [Arc-i-Tech Backend] [restartedMain] o.s.boot.SpringApplication               : Application run failed

org.springframework.beans.factory.UnsatisfiedDependencyException: Error creating bean with name 'projectController' defined in file [C:\Users\ajdes\Downloads\PROJECTS\Arc-i-Tech_Projectss\Test\Arc-i-Tech_backend\target\classes\com\arcitech\controller\ProjectController.class]: Unsatisfied dependency expressed through constructor parameter 0: Error creating bean with name 'projectService' defined in file [C:\Users\ajdes\Downloads\PROJECTS\Arc-i-Tech_Projectss\Test\Arc-i-Tech_backend\target\classes\com\arcitech\service\ProjectService.class]: Unsatisfied dependency expressed through constructor parameter 0: Error creating bean with name 'projectRepository' defined in com.arcitech.repository.ProjectRepository defined in @EnableJpaRepositories declared on JpaRepositoriesRegistrar.EnableJpaRepositoriesConfiguration: Could not create query for public abstract java.util.List com.arcitech.repository.ProjectRepository.findByClient(com.arcitech.model.User); Reason: Failed to create query for method public abstract java.util.List com.arcitech.repository.ProjectRepository.findByClient(com.arcitech.model.User); Could not resolve attribute 'client' of 'com.arcitech.model.Project'
	at org.springframework.beans.factory.support.ConstructorResolver.createArgumentArray(ConstructorResolver.java:804) ~[spring-beans-6.2.12.jar:6.2.12]
	at org.springframework.beans.factory.support.ConstructorResolver.autowireConstructor(ConstructorResolver.java:240) ~[spring-beans-6.2.12.jar:6.2.12]
	at org.springframework.beans.factory.support.AbstractAutowireCapableBeanFactory.autowireConstructor(AbstractAutowireCapableBeanFactory.java:1395) ~[spring-beans-6.2.12.jar:6.2.12]
	at org.springframework.beans.factory.support.AbstractAutowireCapableBeanFactory.createBeanInstance(AbstractAutowireCapableBeanFactory.java:1232) ~[spring-beans-6.2.12.jar:6.2.12]
	at org.springframework.beans.factory.support.AbstractAutowireCapableBeanFactory.doCreateBean(AbstractAutowireCapableBeanFactory.java:569) ~[spring-beans-6.2.12.jar:6.2.12]
	at org.springframework.beans.factory.support.AbstractAutowireCapableBeanFactory.createBean(AbstractAutowireCapableBeanFactory.java:529) ~[spring-beans-6.2.12.jar:6.2.12]
	at org.springframework.beans.factory.support.AbstractBeanFactory.lambda$doGetBean$0(AbstractBeanFactory.java:339) ~[spring-beans-6.2.12.jar:6.2.12]
	at org.springframework.beans.factory.support.DefaultSingletonBeanRegistry.getSingleton(DefaultSingletonBeanRegistry.java:373) ~[spring-beans-6.2.12.jar:6.2.12]
	at org.springframework.beans.factory.support.AbstractBeanFactory.doGetBean(AbstractBeanFactory.java:337) ~[spring-beans-6.2.12.jar:6.2.12]
	at org.springframework.beans.factory.support.AbstractBeanFactory.getBean(AbstractBeanFactory.java:202) ~[spring-beans-6.2.12.jar:6.2.12]
	at org.springframework.beans.factory.support.DefaultListableBeanFactory.instantiateSingleton(DefaultListableBeanFactory.java:1228) ~[spring-beans-6.2.12.jar:6.2.12]
	at org.springframework.beans.factory.support.DefaultListableBeanFactory.preInstantiateSingleton(DefaultListableBeanFactory.java:1194) ~[spring-beans-6.2.12.jar:6.2.12]
	at org.springframework.beans.factory.support.DefaultListableBeanFactory.preInstantiateSingletons(DefaultListableBeanFactory.java:1130) ~[spring-beans-6.2.12.jar:6.2.12]
	at org.springframework.context.support.AbstractApplicationContext.finishBeanFactoryInitialization(AbstractApplicationContext.java:990) ~[spring-context-6.2.12.jar:6.2.12]
	at org.springframework.context.support.AbstractApplicationContext.refresh(AbstractApplicationContext.java:627) ~[spring-context-6.2.12.jar:6.2.12]
	at org.springframework.boot.web.servlet.context.ServletWebServerApplicationContext.refresh(ServletWebServerApplicationContext.java:146) ~[spring-boot-3.5.7.jar:3.5.7]
	at org.springframework.boot.SpringApplication.refresh(SpringApplication.java:752) ~[spring-boot-3.5.7.jar:3.5.7]
	at org.springframework.boot.SpringApplication.refreshContext(SpringApplication.java:439) ~[spring-boot-3.5.7.jar:3.5.7]
	at org.springframework.boot.SpringApplication.run(SpringApplication.java:318) ~[spring-boot-3.5.7.jar:3.5.7]
	at org.springframework.boot.SpringApplication.run(SpringApplication.java:1361) ~[spring-boot-3.5.7.jar:3.5.7]
	at org.springframework.boot.SpringApplication.run(SpringApplication.java:1350) ~[spring-boot-3.5.7.jar:3.5.7]
	at com.arcitech.ArcITechBackendApplication.main(ArcITechBackendApplication.java:10) ~[classes/:na]
	at java.base/jdk.internal.reflect.NativeMethodAccessorImpl.invoke0(Native Method) ~[na:na]
	at java.base/jdk.internal.reflect.NativeMethodAccessorImpl.invoke(NativeMethodAccessorImpl.java:77) ~[na:na]
	at java.base/jdk.internal.reflect.DelegatingMethodAccessorImpl.invoke(DelegatingMethodAccessorImpl.java:43) ~[na:na]
	at java.base/java.lang.reflect.Method.invoke(Method.java:569) ~[na:na]
	at org.springframework.boot.devtools.restart.RestartLauncher.run(RestartLauncher.java:50) ~[spring-boot-devtools-3.5.7.jar:3.5.7]
Caused by: org.springframework.beans.factory.UnsatisfiedDependencyException: Error creating bean with name 'projectService' defined in file [C:\Users\ajdes\Downloads\PROJECTS\Arc-i-Tech_Projectss\Test\Arc-i-Tech_backend\target\classes\com\arcitech\service\ProjectService.class]: Unsatisfied dependency expressed through constructor parameter 0: Error creating bean with name 'projectRepository' defined in com.arcitech.repository.ProjectRepository defined in @EnableJpaRepositories declared on JpaRepositoriesRegistrar.EnableJpaRepositoriesConfiguration: Could not create query for public abstract java.util.List com.arcitech.repository.ProjectRepository.findByClient(com.arcitech.model.User); Reason: Failed to create query for method public abstract java.util.List com.arcitech.repository.ProjectRepository.findByClient(com.arcitech.model.User); Could not resolve attribute 'client' of 'com.arcitech.model.Project'
	at org.springframework.beans.factory.support.ConstructorResolver.createArgumentArray(ConstructorResolver.java:804) ~[spring-beans-6.2.12.jar:6.2.12]
	at org.springframework.beans.factory.support.ConstructorResolver.autowireConstructor(ConstructorResolver.java:240) ~[spring-beans-6.2.12.jar:6.2.12]
	at org.springframework.beans.factory.support.AbstractAutowireCapableBeanFactory.autowireConstructor(AbstractAutowireCapableBeanFactory.java:1395) ~[spring-beans-6.2.12.jar:6.2.12]
	at org.springframework.beans.factory.support.AbstractAutowireCapableBeanFactory.createBeanInstance(AbstractAutowireCapableBeanFactory.java:1232) ~[spring-beans-6.2.12.jar:6.2.12]
	at org.springframework.beans.factory.support.AbstractAutowireCapableBeanFactory.doCreateBean(AbstractAutowireCapableBeanFactory.java:569) ~[spring-beans-6.2.12.jar:6.2.12]
	at org.springframework.beans.factory.support.AbstractAutowireCapableBeanFactory.createBean(AbstractAutowireCapableBeanFactory.java:529) ~[spring-beans-6.2.12.jar:6.2.12]
	at org.springframework.beans.factory.support.AbstractBeanFactory.lambda$doGetBean$0(AbstractBeanFactory.java:339) ~[spring-beans-6.2.12.jar:6.2.12]
	at org.springframework.beans.factory.support.DefaultSingletonBeanRegistry.getSingleton(DefaultSingletonBeanRegistry.java:373) ~[spring-beans-6.2.12.jar:6.2.12]
	at org.springframework.beans.factory.support.AbstractBeanFactory.doGetBean(AbstractBeanFactory.java:337) ~[spring-beans-6.2.12.jar:6.2.12]
	at org.springframework.beans.factory.support.AbstractBeanFactory.getBean(AbstractBeanFactory.java:202) ~[spring-beans-6.2.12.jar:6.2.12]
	at org.springframework.beans.factory.support.DefaultListableBeanFactory.doResolveDependency(DefaultListableBeanFactory.java:1708) ~[spring-beans-6.2.12.jar:6.2.12]
	at org.springframework.beans.factory.support.DefaultListableBeanFactory.resolveDependency(DefaultListableBeanFactory.java:1653) ~[spring-beans-6.2.12.jar:6.2.12]
	at org.springframework.beans.factory.support.ConstructorResolver.resolveAutowiredArgument(ConstructorResolver.java:913) ~[spring-beans-6.2.12.jar:6.2.12]
	at org.springframework.beans.factory.support.ConstructorResolver.createArgumentArray(ConstructorResolver.java:791) ~[spring-beans-6.2.12.jar:6.2.12]
	... 26 common frames omitted
Caused by: org.springframework.beans.factory.BeanCreationException: Error creating bean with name 'projectRepository' defined in com.arcitech.repository.ProjectRepository defined in @EnableJpaRepositories declared on JpaRepositoriesRegistrar.EnableJpaRepositoriesConfiguration: Could not create query for public abstract java.util.List com.arcitech.repository.ProjectRepository.findByClient(com.arcitech.model.User); Reason: Failed to create query for method public abstract java.util.List com.arcitech.repository.ProjectRepository.findByClient(com.arcitech.model.User); Could not resolve attribute 'client' of 'com.arcitech.model.Project'
	at org.springframework.beans.factory.support.AbstractAutowireCapableBeanFactory.initializeBean(AbstractAutowireCapableBeanFactory.java:1826) ~[spring-beans-6.2.12.jar:6.2.12]
	at org.springframework.beans.factory.support.AbstractAutowireCapableBeanFactory.doCreateBean(AbstractAutowireCapableBeanFactory.java:607) ~[spring-beans-6.2.12.jar:6.2.12]
	at org.springframework.beans.factory.support.AbstractAutowireCapableBeanFactory.createBean(AbstractAutowireCapableBeanFactory.java:529) ~[spring-beans-6.2.12.jar:6.2.12]
	at org.springframework.beans.factory.support.AbstractBeanFactory.lambda$doGetBean$0(AbstractBeanFactory.java:339) ~[spring-beans-6.2.12.jar:6.2.12]
	at org.springframework.beans.factory.support.DefaultSingletonBeanRegistry.getSingleton(DefaultSingletonBeanRegistry.java:373) ~[spring-beans-6.2.12.jar:6.2.12]
	at org.springframework.beans.factory.support.AbstractBeanFactory.doGetBean(AbstractBeanFactory.java:337) ~[spring-beans-6.2.12.jar:6.2.12]
	at org.springframework.beans.factory.support.AbstractBeanFactory.getBean(AbstractBeanFactory.java:202) ~[spring-beans-6.2.12.jar:6.2.12]
	at org.springframework.beans.factory.support.DefaultListableBeanFactory.doResolveDependency(DefaultListableBeanFactory.java:1708) ~[spring-beans-6.2.12.jar:6.2.12]
	at org.springframework.beans.factory.support.DefaultListableBeanFactory.resolveDependency(DefaultListableBeanFactory.java:1653) ~[spring-beans-6.2.12.jar:6.2.12]
	at org.springframework.beans.factory.support.ConstructorResolver.resolveAutowiredArgument(ConstructorResolver.java:913) ~[spring-beans-6.2.12.jar:6.2.12]
	at org.springframework.beans.factory.support.ConstructorResolver.createArgumentArray(ConstructorResolver.java:791) ~[spring-beans-6.2.12.jar:6.2.12]
	... 39 common frames omitted
Caused by: org.springframework.data.repository.query.QueryCreationException: Could not create query for public abstract java.util.List com.arcitech.repository.ProjectRepository.findByClient(com.arcitech.model.User); Reason: Failed to create query for method public abstract java.util.List com.arcitech.repository.ProjectRepository.findByClient(com.arcitech.model.User); Could not resolve attribute 'client' of 'com.arcitech.model.Project'
	at org.springframework.data.repository.query.QueryCreationException.create(QueryCreationException.java:101) ~[spring-data-commons-3.5.5.jar:3.5.5]
	at org.springframework.data.repository.core.support.QueryExecutorMethodInterceptor.lookupQuery(QueryExecutorMethodInterceptor.java:120) ~[spring-data-commons-3.5.5.jar:3.5.5]
	at org.springframework.data.repository.core.support.QueryExecutorMethodInterceptor.mapMethodsToQuery(QueryExecutorMethodInterceptor.java:104) ~[spring-data-commons-3.5.5.jar:3.5.5]
	at org.springframework.data.repository.core.support.QueryExecutorMethodInterceptor.lambda$new$0(QueryExecutorMethodInterceptor.java:92) ~[spring-data-commons-3.5.5.jar:3.5.5]
	at java.base/java.util.Optional.map(Optional.java:260) ~[na:na]
	at org.springframework.data.repository.core.support.QueryExecutorMethodInterceptor.<init>(QueryExecutorMethodInterceptor.java:92) ~[spring-data-commons-3.5.5.jar:3.5.5]
	at org.springframework.data.repository.core.support.RepositoryFactorySupport.getRepository(RepositoryFactorySupport.java:434) ~[spring-data-commons-3.5.5.jar:3.5.5]
	at org.springframework.data.repository.core.support.RepositoryFactoryBeanSupport.lambda$afterPropertiesSet$4(RepositoryFactoryBeanSupport.java:350) ~[spring-data-commons-3.5.5.jar:3.5.5]
	at org.springframework.data.util.Lazy.getNullable(Lazy.java:135) ~[spring-data-commons-3.5.5.jar:3.5.5]
	at org.springframework.data.util.Lazy.get(Lazy.java:113) ~[spring-data-commons-3.5.5.jar:3.5.5]
	at org.springframework.data.repository.core.support.RepositoryFactoryBeanSupport.afterPropertiesSet(RepositoryFactoryBeanSupport.java:356) ~[spring-data-commons-3.5.5.jar:3.5.5]
	at org.springframework.data.jpa.repository.support.JpaRepositoryFactoryBean.afterPropertiesSet(JpaRepositoryFactoryBean.java:132) ~[spring-data-jpa-3.5.5.jar:3.5.5]
	at org.springframework.beans.factory.support.AbstractAutowireCapableBeanFactory.invokeInitMethods(AbstractAutowireCapableBeanFactory.java:1873) ~[spring-beans-6.2.12.jar:6.2.12]
	at org.springframework.beans.factory.support.AbstractAutowireCapableBeanFactory.initializeBean(AbstractAutowireCapableBeanFactory.java:1822) ~[spring-beans-6.2.12.jar:6.2.12]
	... 49 common frames omitted
Caused by: java.lang.IllegalArgumentException: Failed to create query for method public abstract java.util.List com.arcitech.repository.ProjectRepository.findByClient(com.arcitech.model.User); Could not resolve attribute 'client' of 'com.arcitech.model.Project'
	at org.springframework.data.jpa.repository.query.PartTreeJpaQuery.<init>(PartTreeJpaQuery.java:107) ~[spring-data-jpa-3.5.5.jar:3.5.5]
	at org.springframework.data.jpa.repository.query.JpaQueryLookupStrategy$CreateQueryLookupStrategy.resolveQuery(JpaQueryLookupStrategy.java:128) ~[spring-data-jpa-3.5.5.jar:3.5.5]
	at org.springframework.data.jpa.repository.query.JpaQueryLookupStrategy$CreateIfNotFoundQueryLookupStrategy.resolveQuery(JpaQueryLookupStrategy.java:260) ~[spring-data-jpa-3.5.5.jar:3.5.5]
	at org.springframework.data.jpa.repository.query.JpaQueryLookupStrategy$AbstractQueryLookupStrategy.resolveQuery(JpaQueryLookupStrategy.java:99) ~[spring-data-jpa-3.5.5.jar:3.5.5]
	at org.springframework.data.repository.core.support.QueryExecutorMethodInterceptor.lookupQuery(QueryExecutorMethodInterceptor.java:116) ~[spring-data-commons-3.5.5.jar:3.5.5]
	... 61 common frames omitted
Caused by: org.hibernate.query.sqm.PathElementException: Could not resolve attribute 'client' of 'com.arcitech.model.Project'
	at org.hibernate.query.sqm.SqmPathSource.getSubPathSource(SqmPathSource.java:95) ~[hibernate-core-6.6.33.Final.jar:6.6.33.Final]
	at org.hibernate.query.sqm.tree.domain.AbstractSqmPath.get(AbstractSqmPath.java:199) ~[hibernate-core-6.6.33.Final.jar:6.6.33.Final]
	at org.hibernate.query.sqm.tree.domain.AbstractSqmPath.get(AbstractSqmPath.java:44) ~[hibernate-core-6.6.33.Final.jar:6.6.33.Final]
	at org.springframework.data.jpa.repository.query.QueryUtils.getModelForPath(QueryUtils.java:1015) ~[spring-data-jpa-3.5.5.jar:3.5.5]
	at org.springframework.data.jpa.repository.query.QueryUtils.requiresOuterJoin(QueryUtils.java:865) ~[spring-data-jpa-3.5.5.jar:3.5.5]
	at org.springframework.data.jpa.repository.query.QueryUtils.toExpressionRecursively(QueryUtils.java:820) ~[spring-data-jpa-3.5.5.jar:3.5.5]
	at org.springframework.data.jpa.repository.query.QueryUtils.toExpressionRecursively(QueryUtils.java:799) ~[spring-data-jpa-3.5.5.jar:3.5.5]
	at org.springframework.data.jpa.repository.query.QueryUtils.toExpressionRecursively(QueryUtils.java:794) ~[spring-data-jpa-3.5.5.jar:3.5.5]
	at org.springframework.data.jpa.repository.query.JpaQueryCreator$PredicateBuilder.getTypedPath(JpaQueryCreator.java:393) ~[spring-data-jpa-3.5.5.jar:3.5.5]
	at org.springframework.data.jpa.repository.query.JpaQueryCreator$PredicateBuilder.build(JpaQueryCreator.java:313) ~[spring-data-jpa-3.5.5.jar:3.5.5]
	at org.springframework.data.jpa.repository.query.JpaQueryCreator.toPredicate(JpaQueryCreator.java:211) ~[spring-data-jpa-3.5.5.jar:3.5.5]
	at org.springframework.data.jpa.repository.query.JpaQueryCreator.create(JpaQueryCreator.java:122) ~[spring-data-jpa-3.5.5.jar:3.5.5]
	at org.springframework.data.jpa.repository.query.JpaQueryCreator.create(JpaQueryCreator.java:1) ~[spring-data-jpa-3.5.5.jar:3.5.5]
	at org.springframework.data.repository.query.parser.AbstractQueryCreator.createCriteria(AbstractQueryCreator.java:119) ~[spring-data-commons-3.5.5.jar:3.5.5]
	at org.springframework.data.repository.query.parser.AbstractQueryCreator.createQuery(AbstractQueryCreator.java:95) ~[spring-data-commons-3.5.5.jar:3.5.5]
	at org.springframework.data.repository.query.parser.AbstractQueryCreator.createQuery(AbstractQueryCreator.java:81) ~[spring-data-commons-3.5.5.jar:3.5.5]
	at org.springframework.data.jpa.repository.query.PartTreeJpaQuery$QueryPreparer.<init>(PartTreeJpaQuery.java:224) ~[spring-data-jpa-3.5.5.jar:3.5.5]
	at org.springframework.data.jpa.repository.query.PartTreeJpaQuery$CountQueryPreparer.<init>(PartTreeJpaQuery.java:370) ~[spring-data-jpa-3.5.5.jar:3.5.5]
	at org.springframework.data.jpa.repository.query.PartTreeJpaQuery.<init>(PartTreeJpaQuery.java:103) ~[spring-data-jpa-3.5.5.jar:3.5.5]
	... 65 common frames omitted

2025-11-07T11:31:52.079+05:30  INFO 14972 --- [Arc-i-Tech Backend] [restartedMain] c.arcitech.ArcITechBackendApplication    : Starting ArcITechBackendApplication using Java 17.0.16 with PID 14972 (C:\Users\ajdes\Downloads\PROJECTS\Arc-i-Tech_Projectss\Test\Arc-i-Tech_backend\target\classes started by ajdes in C:\Users\ajdes\Downloads\PROJECTS\Arc-i-Tech_Projectss\Test)
2025-11-07T11:31:52.091+05:30  INFO 14972 --- [Arc-i-Tech Backend] [restartedMain] c.arcitech.ArcITechBackendApplication    : No active profile set, falling back to 1 default profile: "default"
2025-11-07T11:31:52.373+05:30  INFO 14972 --- [Arc-i-Tech Backend] [restartedMain] .e.DevToolsPropertyDefaultsPostProcessor : Devtools property defaults active! Set 'spring.devtools.add-properties' to 'false' to disable
2025-11-07T11:31:52.386+05:30  INFO 14972 --- [Arc-i-Tech Backend] [restartedMain] .e.DevToolsPropertyDefaultsPostProcessor : For additional web related logging consider setting the 'logging.level.web' property to 'DEBUG'
2025-11-07T11:31:58.383+05:30  INFO 14972 --- [Arc-i-Tech Backend] [restartedMain] .s.d.r.c.RepositoryConfigurationDelegate : Bootstrapping Spring Data JPA repositories in DEFAULT mode.
2025-11-07T11:31:58.841+05:30  INFO 14972 --- [Arc-i-Tech Backend] [restartedMain] .s.d.r.c.RepositoryConfigurationDelegate : Finished Spring Data repository scanning in 310 ms. Found 11 JPA repository interfaces.
2025-11-07T11:32:01.330+05:30  INFO 14972 --- [Arc-i-Tech Backend] [restartedMain] o.s.b.w.embedded.tomcat.TomcatWebServer  : Tomcat initialized with port 8000 (http)
2025-11-07T11:32:01.397+05:30  INFO 14972 --- [Arc-i-Tech Backend] [restartedMain] o.apache.catalina.core.StandardService   : Starting service [Tomcat]
2025-11-07T11:32:01.397+05:30  INFO 14972 --- [Arc-i-Tech Backend] [restartedMain] o.apache.catalina.core.StandardEngine    : Starting Servlet engine: [Apache Tomcat/10.1.48]
2025-11-07T11:32:01.548+05:30  INFO 14972 --- [Arc-i-Tech Backend] [restartedMain] o.a.c.c.C.[Tomcat].[localhost].[/]       : Initializing Spring embedded WebApplicationContext
2025-11-07T11:32:01.551+05:30  INFO 14972 --- [Arc-i-Tech Backend] [restartedMain] w.s.c.ServletWebServerApplicationContext : Root WebApplicationContext: initialization completed in 9160 ms
2025-11-07T11:32:02.126+05:30  INFO 14972 --- [Arc-i-Tech Backend] [restartedMain] o.hibernate.jpa.internal.util.LogHelper  : HHH000204: Processing PersistenceUnitInfo [name: default]
2025-11-07T11:32:02.405+05:30  INFO 14972 --- [Arc-i-Tech Backend] [restartedMain] org.hibernate.Version                    : HHH000412: Hibernate ORM core version 6.6.33.Final
2025-11-07T11:32:02.611+05:30  INFO 14972 --- [Arc-i-Tech Backend] [restartedMain] o.h.c.internal.RegionFactoryInitiator    : HHH000026: Second-level cache disabled
2025-11-07T11:32:03.546+05:30  INFO 14972 --- [Arc-i-Tech Backend] [restartedMain] o.s.o.j.p.SpringPersistenceUnitInfo      : No LoadTimeWeaver setup: ignoring JPA class transformer
2025-11-07T11:32:03.681+05:30  INFO 14972 --- [Arc-i-Tech Backend] [restartedMain] com.zaxxer.hikari.HikariDataSource       : HikariPool-1 - Starting...
2025-11-07T11:32:04.144+05:30  INFO 14972 --- [Arc-i-Tech Backend] [restartedMain] com.zaxxer.hikari.pool.HikariPool        : HikariPool-1 - Added connection com.mysql.cj.jdbc.ConnectionImpl@3afc18af
2025-11-07T11:32:04.146+05:30  INFO 14972 --- [Arc-i-Tech Backend] [restartedMain] com.zaxxer.hikari.HikariDataSource       : HikariPool-1 - Start completed.
2025-11-07T11:32:04.248+05:30  WARN 14972 --- [Arc-i-Tech Backend] [restartedMain] org.hibernate.orm.deprecation            : HHH90000025: MySQL8Dialect does not need to be specified explicitly using 'hibernate.dialect' (remove the property setting and it will be selected by default)
2025-11-07T11:32:04.248+05:30  WARN 14972 --- [Arc-i-Tech Backend] [restartedMain] org.hibernate.orm.deprecation            : HHH90000026: MySQL8Dialect has been deprecated; use org.hibernate.dialect.MySQLDialect instead
2025-11-07T11:32:04.302+05:30  INFO 14972 --- [Arc-i-Tech Backend] [restartedMain] org.hibernate.orm.connections.pooling    : HHH10001005: Database info:
	Database JDBC URL [Connecting through datasource 'HikariDataSource (HikariPool-1)']
	Database driver: undefined/unknown
	Database version: 8.0
	Autocommit mode: undefined/unknown
	Isolation level: undefined/unknown
	Minimum pool size: undefined/unknown
	Maximum pool size: undefined/unknown
2025-11-07T11:32:04.329+05:30 DEBUG 14972 --- [Arc-i-Tech Backend] [restartedMain] o.h.t.d.sql.spi.DdlTypeRegistry          : addDescriptor(12, org.hibernate.type.descriptor.sql.internal.CapacityDependentDdlType@2284cdce) replaced previous registration(org.hibernate.type.descriptor.sql.internal.CapacityDependentDdlType@7fc8ebcb)
2025-11-07T11:32:04.334+05:30 DEBUG 14972 --- [Arc-i-Tech Backend] [restartedMain] o.h.t.d.sql.spi.DdlTypeRegistry          : addDescriptor(-9, org.hibernate.type.descriptor.sql.internal.CapacityDependentDdlType@13778a51) replaced previous registration(org.hibernate.type.descriptor.sql.internal.CapacityDependentDdlType@6d416df1)
2025-11-07T11:32:04.336+05:30 DEBUG 14972 --- [Arc-i-Tech Backend] [restartedMain] o.h.t.d.sql.spi.DdlTypeRegistry          : addDescriptor(-3, org.hibernate.type.descriptor.sql.internal.CapacityDependentDdlType@692f372a) replaced previous registration(org.hibernate.type.descriptor.sql.internal.CapacityDependentDdlType@51810f77)
2025-11-07T11:32:04.341+05:30 DEBUG 14972 --- [Arc-i-Tech Backend] [restartedMain] o.h.t.d.sql.spi.DdlTypeRegistry          : addDescriptor(4003, org.hibernate.type.descriptor.sql.internal.DdlTypeImpl@7e8b3214) replaced previous registration(org.hibernate.type.descriptor.sql.internal.DdlTypeImpl@18c3e6d1)
2025-11-07T11:32:04.345+05:30 DEBUG 14972 --- [Arc-i-Tech Backend] [restartedMain] o.h.t.d.sql.spi.DdlTypeRegistry          : addDescriptor(4001, org.hibernate.type.descriptor.sql.internal.DdlTypeImpl@8c50484) replaced previous registration(org.hibernate.type.descriptor.sql.internal.DdlTypeImpl@51e6485c)
2025-11-07T11:32:04.347+05:30 DEBUG 14972 --- [Arc-i-Tech Backend] [restartedMain] o.h.t.d.sql.spi.DdlTypeRegistry          : addDescriptor(4002, org.hibernate.type.descriptor.sql.internal.DdlTypeImpl@765adbe6) replaced previous registration(org.hibernate.type.descriptor.sql.internal.DdlTypeImpl@71284e92)
2025-11-07T11:32:04.347+05:30 DEBUG 14972 --- [Arc-i-Tech Backend] [restartedMain] o.h.t.d.sql.spi.DdlTypeRegistry          : addDescriptor(2004, org.hibernate.type.descriptor.sql.internal.CapacityDependentDdlType@51e99517) replaced previous registration(org.hibernate.type.descriptor.sql.internal.DdlTypeImpl@32ae83de)
2025-11-07T11:32:04.349+05:30 DEBUG 14972 --- [Arc-i-Tech Backend] [restartedMain] o.h.t.d.sql.spi.DdlTypeRegistry          : addDescriptor(2005, org.hibernate.type.descriptor.sql.internal.CapacityDependentDdlType@128beb86) replaced previous registration(org.hibernate.type.descriptor.sql.internal.DdlTypeImpl@21647b9b)
2025-11-07T11:32:04.350+05:30 DEBUG 14972 --- [Arc-i-Tech Backend] [restartedMain] o.h.t.d.sql.spi.DdlTypeRegistry          : addDescriptor(2011, org.hibernate.type.descriptor.sql.internal.CapacityDependentDdlType@3cb8138d) replaced previous registration(org.hibernate.type.descriptor.sql.internal.DdlTypeImpl@7a4ec7b7)
2025-11-07T11:32:05.574+05:30  WARN 14972 --- [Arc-i-Tech Backend] [restartedMain] org.hibernate.mapping.RootClass          : HHH000038: Composite-id class does not override equals(): com.arcitech.model.RolePermission$RolePermissionKey
2025-11-07T11:32:05.575+05:30  WARN 14972 --- [Arc-i-Tech Backend] [restartedMain] org.hibernate.mapping.RootClass          : HHH000039: Composite-id class does not override hashCode(): com.arcitech.model.RolePermission$RolePermissionKey
2025-11-07T11:32:05.575+05:30  WARN 14972 --- [Arc-i-Tech Backend] [restartedMain] org.hibernate.mapping.RootClass          : HHH000038: Composite-id class does not override equals(): com.arcitech.model.QuizQuestion$QuizQuestionKey
2025-11-07T11:32:05.575+05:30  WARN 14972 --- [Arc-i-Tech Backend] [restartedMain] org.hibernate.mapping.RootClass          : HHH000039: Composite-id class does not override hashCode(): com.arcitech.model.QuizQuestion$QuizQuestionKey
2025-11-07T11:32:05.575+05:30  WARN 14972 --- [Arc-i-Tech Backend] [restartedMain] org.hibernate.mapping.RootClass          : HHH000038: Composite-id class does not override equals(): com.arcitech.model.UserRole$UserRoleKey
2025-11-07T11:32:05.586+05:30  WARN 14972 --- [Arc-i-Tech Backend] [restartedMain] org.hibernate.mapping.RootClass          : HHH000039: Composite-id class does not override hashCode(): com.arcitech.model.UserRole$UserRoleKey
2025-11-07T11:32:05.592+05:30  WARN 14972 --- [Arc-i-Tech Backend] [restartedMain] org.hibernate.mapping.RootClass          : HHH000038: Composite-id class does not override equals(): com.arcitech.model.ServiceCategoryMap$ServiceCategoryMapKey
2025-11-07T11:32:05.593+05:30  WARN 14972 --- [Arc-i-Tech Backend] [restartedMain] org.hibernate.mapping.RootClass          : HHH000039: Composite-id class does not override hashCode(): com.arcitech.model.ServiceCategoryMap$ServiceCategoryMapKey
2025-11-07T11:32:05.600+05:30  WARN 14972 --- [Arc-i-Tech Backend] [restartedMain] org.hibernate.mapping.RootClass          : HHH000038: Composite-id class does not override equals(): com.arcitech.model.AppointmentAttendee$AppointmentAttendeeKey
2025-11-07T11:32:05.600+05:30  WARN 14972 --- [Arc-i-Tech Backend] [restartedMain] org.hibernate.mapping.RootClass          : HHH000039: Composite-id class does not override hashCode(): com.arcitech.model.AppointmentAttendee$AppointmentAttendeeKey
2025-11-07T11:32:08.231+05:30  INFO 14972 --- [Arc-i-Tech Backend] [restartedMain] o.h.e.t.j.p.i.JtaPlatformInitiator       : HHH000489: No JTA platform available (set 'hibernate.transaction.jta.platform' to enable JTA platform integration)
2025-11-07T11:32:08.431+05:30  INFO 14972 --- [Arc-i-Tech Backend] [restartedMain] j.LocalContainerEntityManagerFactoryBean : Initialized JPA EntityManagerFactory for persistence unit 'default'
2025-11-07T11:32:09.312+05:30  INFO 14972 --- [Arc-i-Tech Backend] [restartedMain] eAuthenticationProviderManagerConfigurer : Global AuthenticationManager configured with AuthenticationProvider bean with name authenticationProvider
2025-11-07T11:32:09.312+05:30  WARN 14972 --- [Arc-i-Tech Backend] [restartedMain] r$InitializeUserDetailsManagerConfigurer : Global AuthenticationManager configured with an AuthenticationProvider bean. UserDetailsService beans will not be used by Spring Security for automatically configuring username/password login. Consider removing the AuthenticationProvider bean. Alternatively, consider using the UserDetailsService in a manually instantiated DaoAuthenticationProvider. If the current configuration is intentional, to turn off this warning, increase the logging level of 'org.springframework.security.config.annotation.authentication.configuration.InitializeUserDetailsBeanManagerConfigurer' to ERROR
2025-11-07T11:32:09.648+05:30  WARN 14972 --- [Arc-i-Tech Backend] [restartedMain] ConfigServletWebServerApplicationContext : Exception encountered during context initialization - cancelling refresh attempt: org.springframework.beans.factory.UnsatisfiedDependencyException: Error creating bean with name 'projectController' defined in file [C:\Users\ajdes\Downloads\PROJECTS\Arc-i-Tech_Projectss\Test\Arc-i-Tech_backend\target\classes\com\arcitech\controller\ProjectController.class]: Unsatisfied dependency expressed through constructor parameter 0: Error creating bean with name 'projectService' defined in file [C:\Users\ajdes\Downloads\PROJECTS\Arc-i-Tech_Projectss\Test\Arc-i-Tech_backend\target\classes\com\arcitech\service\ProjectService.class]: Unsatisfied dependency expressed through constructor parameter 0: Error creating bean with name 'projectRepository' defined in com.arcitech.repository.ProjectRepository defined in @EnableJpaRepositories declared on JpaRepositoriesRegistrar.EnableJpaRepositoriesConfiguration: Could not create query for public abstract java.util.List com.arcitech.repository.ProjectRepository.findByClient(com.arcitech.model.User); Reason: Failed to create query for method public abstract java.util.List com.arcitech.repository.ProjectRepository.findByClient(com.arcitech.model.User); Could not resolve attribute 'client' of 'com.arcitech.model.Project'
2025-11-07T11:32:09.659+05:30  INFO 14972 --- [Arc-i-Tech Backend] [restartedMain] j.LocalContainerEntityManagerFactoryBean : Closing JPA EntityManagerFactory for persistence unit 'default'
2025-11-07T11:32:09.682+05:30  INFO 14972 --- [Arc-i-Tech Backend] [restartedMain] com.zaxxer.hikari.HikariDataSource       : HikariPool-1 - Shutdown initiated...
2025-11-07T11:32:09.997+05:30  INFO 14972 --- [Arc-i-Tech Backend] [restartedMain] com.zaxxer.hikari.HikariDataSource       : HikariPool-1 - Shutdown completed.
2025-11-07T11:32:10.012+05:30  INFO 14972 --- [Arc-i-Tech Backend] [restartedMain] o.apache.catalina.core.StandardService   : Stopping service [Tomcat]
2025-11-07T11:32:10.059+05:30  INFO 14972 --- [Arc-i-Tech Backend] [restartedMain] .s.b.a.l.ConditionEvaluationReportLogger : 

Error starting ApplicationContext. To display the condition evaluation report re-run your application with 'debug' enabled.
2025-11-07T11:32:10.211+05:30 ERROR 14972 --- [Arc-i-Tech Backend] [restartedMain] o.s.boot.SpringApplication               : Application run failed

org.springframework.beans.factory.UnsatisfiedDependencyException: Error creating bean with name 'projectController' defined in file [C:\Users\ajdes\Downloads\PROJECTS\Arc-i-Tech_Projectss\Test\Arc-i-Tech_backend\target\classes\com\arcitech\controller\ProjectController.class]: Unsatisfied dependency expressed through constructor parameter 0: Error creating bean with name 'projectService' defined in file [C:\Users\ajdes\Downloads\PROJECTS\Arc-i-Tech_Projectss\Test\Arc-i-Tech_backend\target\classes\com\arcitech\service\ProjectService.class]: Unsatisfied dependency expressed through constructor parameter 0: Error creating bean with name 'projectRepository' defined in com.arcitech.repository.ProjectRepository defined in @EnableJpaRepositories declared on JpaRepositoriesRegistrar.EnableJpaRepositoriesConfiguration: Could not create query for public abstract java.util.List com.arcitech.repository.ProjectRepository.findByClient(com.arcitech.model.User); Reason: Failed to create query for method public abstract java.util.List com.arcitech.repository.ProjectRepository.findByClient(com.arcitech.model.User); Could not resolve attribute 'client' of 'com.arcitech.model.Project'
	at org.springframework.beans.factory.support.ConstructorResolver.createArgumentArray(ConstructorResolver.java:804) ~[spring-beans-6.2.12.jar:6.2.12]
	at org.springframework.beans.factory.support.ConstructorResolver.autowireConstructor(ConstructorResolver.java:240) ~[spring-beans-6.2.12.jar:6.2.12]
	at org.springframework.beans.factory.support.AbstractAutowireCapableBeanFactory.autowireConstructor(AbstractAutowireCapableBeanFactory.java:1395) ~[spring-beans-6.2.12.jar:6.2.12]
	at org.springframework.beans.factory.support.AbstractAutowireCapableBeanFactory.createBeanInstance(AbstractAutowireCapableBeanFactory.java:1232) ~[spring-beans-6.2.12.jar:6.2.12]
	at org.springframework.beans.factory.support.AbstractAutowireCapableBeanFactory.doCreateBean(AbstractAutowireCapableBeanFactory.java:569) ~[spring-beans-6.2.12.jar:6.2.12]
	at org.springframework.beans.factory.support.AbstractAutowireCapableBeanFactory.createBean(AbstractAutowireCapableBeanFactory.java:529) ~[spring-beans-6.2.12.jar:6.2.12]
	at org.springframework.beans.factory.support.AbstractBeanFactory.lambda$doGetBean$0(AbstractBeanFactory.java:339) ~[spring-beans-6.2.12.jar:6.2.12]
	at org.springframework.beans.factory.support.DefaultSingletonBeanRegistry.getSingleton(DefaultSingletonBeanRegistry.java:373) ~[spring-beans-6.2.12.jar:6.2.12]
	at org.springframework.beans.factory.support.AbstractBeanFactory.doGetBean(AbstractBeanFactory.java:337) ~[spring-beans-6.2.12.jar:6.2.12]
	at org.springframework.beans.factory.support.AbstractBeanFactory.getBean(AbstractBeanFactory.java:202) ~[spring-beans-6.2.12.jar:6.2.12]
	at org.springframework.beans.factory.support.DefaultListableBeanFactory.instantiateSingleton(DefaultListableBeanFactory.java:1228) ~[spring-beans-6.2.12.jar:6.2.12]
	at org.springframework.beans.factory.support.DefaultListableBeanFactory.preInstantiateSingleton(DefaultListableBeanFactory.java:1194) ~[spring-beans-6.2.12.jar:6.2.12]
	at org.springframework.beans.factory.support.DefaultListableBeanFactory.preInstantiateSingletons(DefaultListableBeanFactory.java:1130) ~[spring-beans-6.2.12.jar:6.2.12]
	at org.springframework.context.support.AbstractApplicationContext.finishBeanFactoryInitialization(AbstractApplicationContext.java:990) ~[spring-context-6.2.12.jar:6.2.12]
	at org.springframework.context.support.AbstractApplicationContext.refresh(AbstractApplicationContext.java:627) ~[spring-context-6.2.12.jar:6.2.12]
	at org.springframework.boot.web.servlet.context.ServletWebServerApplicationContext.refresh(ServletWebServerApplicationContext.java:146) ~[spring-boot-3.5.7.jar:3.5.7]
	at org.springframework.boot.SpringApplication.refresh(SpringApplication.java:752) ~[spring-boot-3.5.7.jar:3.5.7]
	at org.springframework.boot.SpringApplication.refreshContext(SpringApplication.java:439) ~[spring-boot-3.5.7.jar:3.5.7]
	at org.springframework.boot.SpringApplication.run(SpringApplication.java:318) ~[spring-boot-3.5.7.jar:3.5.7]
	at org.springframework.boot.SpringApplication.run(SpringApplication.java:1361) ~[spring-boot-3.5.7.jar:3.5.7]
	at org.springframework.boot.SpringApplication.run(SpringApplication.java:1350) ~[spring-boot-3.5.7.jar:3.5.7]
	at com.arcitech.ArcITechBackendApplication.main(ArcITechBackendApplication.java:10) ~[classes/:na]
	at java.base/jdk.internal.reflect.NativeMethodAccessorImpl.invoke0(Native Method) ~[na:na]
	at java.base/jdk.internal.reflect.NativeMethodAccessorImpl.invoke(NativeMethodAccessorImpl.java:77) ~[na:na]
	at java.base/jdk.internal.reflect.DelegatingMethodAccessorImpl.invoke(DelegatingMethodAccessorImpl.java:43) ~[na:na]
	at java.base/java.lang.reflect.Method.invoke(Method.java:569) ~[na:na]
	at org.springframework.boot.devtools.restart.RestartLauncher.run(RestartLauncher.java:50) ~[spring-boot-devtools-3.5.7.jar:3.5.7]
Caused by: org.springframework.beans.factory.UnsatisfiedDependencyException: Error creating bean with name 'projectService' defined in file [C:\Users\ajdes\Downloads\PROJECTS\Arc-i-Tech_Projectss\Test\Arc-i-Tech_backend\target\classes\com\arcitech\service\ProjectService.class]: Unsatisfied dependency expressed through constructor parameter 0: Error creating bean with name 'projectRepository' defined in com.arcitech.repository.ProjectRepository defined in @EnableJpaRepositories declared on JpaRepositoriesRegistrar.EnableJpaRepositoriesConfiguration: Could not create query for public abstract java.util.List com.arcitech.repository.ProjectRepository.findByClient(com.arcitech.model.User); Reason: Failed to create query for method public abstract java.util.List com.arcitech.repository.ProjectRepository.findByClient(com.arcitech.model.User); Could not resolve attribute 'client' of 'com.arcitech.model.Project'
	at org.springframework.beans.factory.support.ConstructorResolver.createArgumentArray(ConstructorResolver.java:804) ~[spring-beans-6.2.12.jar:6.2.12]
	at org.springframework.beans.factory.support.ConstructorResolver.autowireConstructor(ConstructorResolver.java:240) ~[spring-beans-6.2.12.jar:6.2.12]
	at org.springframework.beans.factory.support.AbstractAutowireCapableBeanFactory.autowireConstructor(AbstractAutowireCapableBeanFactory.java:1395) ~[spring-beans-6.2.12.jar:6.2.12]
	at org.springframework.beans.factory.support.AbstractAutowireCapableBeanFactory.createBeanInstance(AbstractAutowireCapableBeanFactory.java:1232) ~[spring-beans-6.2.12.jar:6.2.12]
	at org.springframework.beans.factory.support.AbstractAutowireCapableBeanFactory.doCreateBean(AbstractAutowireCapableBeanFactory.java:569) ~[spring-beans-6.2.12.jar:6.2.12]
	at org.springframework.beans.factory.support.AbstractAutowireCapableBeanFactory.createBean(AbstractAutowireCapableBeanFactory.java:529) ~[spring-beans-6.2.12.jar:6.2.12]
	at org.springframework.beans.factory.support.AbstractBeanFactory.lambda$doGetBean$0(AbstractBeanFactory.java:339) ~[spring-beans-6.2.12.jar:6.2.12]
	at org.springframework.beans.factory.support.DefaultSingletonBeanRegistry.getSingleton(DefaultSingletonBeanRegistry.java:373) ~[spring-beans-6.2.12.jar:6.2.12]
	at org.springframework.beans.factory.support.AbstractBeanFactory.doGetBean(AbstractBeanFactory.java:337) ~[spring-beans-6.2.12.jar:6.2.12]
	at org.springframework.beans.factory.support.AbstractBeanFactory.getBean(AbstractBeanFactory.java:202) ~[spring-beans-6.2.12.jar:6.2.12]
	at org.springframework.beans.factory.support.DefaultListableBeanFactory.doResolveDependency(DefaultListableBeanFactory.java:1708) ~[spring-beans-6.2.12.jar:6.2.12]
	at org.springframework.beans.factory.support.DefaultListableBeanFactory.resolveDependency(DefaultListableBeanFactory.java:1653) ~[spring-beans-6.2.12.jar:6.2.12]
	at org.springframework.beans.factory.support.ConstructorResolver.resolveAutowiredArgument(ConstructorResolver.java:913) ~[spring-beans-6.2.12.jar:6.2.12]
	at org.springframework.beans.factory.support.ConstructorResolver.createArgumentArray(ConstructorResolver.java:791) ~[spring-beans-6.2.12.jar:6.2.12]
	... 26 common frames omitted
Caused by: org.springframework.beans.factory.BeanCreationException: Error creating bean with name 'projectRepository' defined in com.arcitech.repository.ProjectRepository defined in @EnableJpaRepositories declared on JpaRepositoriesRegistrar.EnableJpaRepositoriesConfiguration: Could not create query for public abstract java.util.List com.arcitech.repository.ProjectRepository.findByClient(com.arcitech.model.User); Reason: Failed to create query for method public abstract java.util.List com.arcitech.repository.ProjectRepository.findByClient(com.arcitech.model.User); Could not resolve attribute 'client' of 'com.arcitech.model.Project'
	at org.springframework.beans.factory.support.AbstractAutowireCapableBeanFactory.initializeBean(AbstractAutowireCapableBeanFactory.java:1826) ~[spring-beans-6.2.12.jar:6.2.12]
	at org.springframework.beans.factory.support.AbstractAutowireCapableBeanFactory.doCreateBean(AbstractAutowireCapableBeanFactory.java:607) ~[spring-beans-6.2.12.jar:6.2.12]
	at org.springframework.beans.factory.support.AbstractAutowireCapableBeanFactory.createBean(AbstractAutowireCapableBeanFactory.java:529) ~[spring-beans-6.2.12.jar:6.2.12]
	at org.springframework.beans.factory.support.AbstractBeanFactory.lambda$doGetBean$0(AbstractBeanFactory.java:339) ~[spring-beans-6.2.12.jar:6.2.12]
	at org.springframework.beans.factory.support.DefaultSingletonBeanRegistry.getSingleton(DefaultSingletonBeanRegistry.java:373) ~[spring-beans-6.2.12.jar:6.2.12]
	at org.springframework.beans.factory.support.AbstractBeanFactory.doGetBean(AbstractBeanFactory.java:337) ~[spring-beans-6.2.12.jar:6.2.12]
	at org.springframework.beans.factory.support.AbstractBeanFactory.getBean(AbstractBeanFactory.java:202) ~[spring-beans-6.2.12.jar:6.2.12]
	at org.springframework.beans.factory.support.DefaultListableBeanFactory.doResolveDependency(DefaultListableBeanFactory.java:1708) ~[spring-beans-6.2.12.jar:6.2.12]
	at org.springframework.beans.factory.support.DefaultListableBeanFactory.resolveDependency(DefaultListableBeanFactory.java:1653) ~[spring-beans-6.2.12.jar:6.2.12]
	at org.springframework.beans.factory.support.ConstructorResolver.resolveAutowiredArgument(ConstructorResolver.java:913) ~[spring-beans-6.2.12.jar:6.2.12]
	at org.springframework.beans.factory.support.ConstructorResolver.createArgumentArray(ConstructorResolver.java:791) ~[spring-beans-6.2.12.jar:6.2.12]
	... 39 common frames omitted
Caused by: org.springframework.data.repository.query.QueryCreationException: Could not create query for public abstract java.util.List com.arcitech.repository.ProjectRepository.findByClient(com.arcitech.model.User); Reason: Failed to create query for method public abstract java.util.List com.arcitech.repository.ProjectRepository.findByClient(com.arcitech.model.User); Could not resolve attribute 'client' of 'com.arcitech.model.Project'
	at org.springframework.data.repository.query.QueryCreationException.create(QueryCreationException.java:101) ~[spring-data-commons-3.5.5.jar:3.5.5]
	at org.springframework.data.repository.core.support.QueryExecutorMethodInterceptor.lookupQuery(QueryExecutorMethodInterceptor.java:120) ~[spring-data-commons-3.5.5.jar:3.5.5]
	at org.springframework.data.repository.core.support.QueryExecutorMethodInterceptor.mapMethodsToQuery(QueryExecutorMethodInterceptor.java:104) ~[spring-data-commons-3.5.5.jar:3.5.5]
	at org.springframework.data.repository.core.support.QueryExecutorMethodInterceptor.lambda$new$0(QueryExecutorMethodInterceptor.java:92) ~[spring-data-commons-3.5.5.jar:3.5.5]
	at java.base/java.util.Optional.map(Optional.java:260) ~[na:na]
	at org.springframework.data.repository.core.support.QueryExecutorMethodInterceptor.<init>(QueryExecutorMethodInterceptor.java:92) ~[spring-data-commons-3.5.5.jar:3.5.5]
	at org.springframework.data.repository.core.support.RepositoryFactorySupport.getRepository(RepositoryFactorySupport.java:434) ~[spring-data-commons-3.5.5.jar:3.5.5]
	at org.springframework.data.repository.core.support.RepositoryFactoryBeanSupport.lambda$afterPropertiesSet$4(RepositoryFactoryBeanSupport.java:350) ~[spring-data-commons-3.5.5.jar:3.5.5]
	at org.springframework.data.util.Lazy.getNullable(Lazy.java:135) ~[spring-data-commons-3.5.5.jar:3.5.5]
	at org.springframework.data.util.Lazy.get(Lazy.java:113) ~[spring-data-commons-3.5.5.jar:3.5.5]
	at org.springframework.data.repository.core.support.RepositoryFactoryBeanSupport.afterPropertiesSet(RepositoryFactoryBeanSupport.java:356) ~[spring-data-commons-3.5.5.jar:3.5.5]
	at org.springframework.data.jpa.repository.support.JpaRepositoryFactoryBean.afterPropertiesSet(JpaRepositoryFactoryBean.java:132) ~[spring-data-jpa-3.5.5.jar:3.5.5]
	at org.springframework.beans.factory.support.AbstractAutowireCapableBeanFactory.invokeInitMethods(AbstractAutowireCapableBeanFactory.java:1873) ~[spring-beans-6.2.12.jar:6.2.12]
	at org.springframework.beans.factory.support.AbstractAutowireCapableBeanFactory.initializeBean(AbstractAutowireCapableBeanFactory.java:1822) ~[spring-beans-6.2.12.jar:6.2.12]
	... 49 common frames omitted
Caused by: java.lang.IllegalArgumentException: Failed to create query for method public abstract java.util.List com.arcitech.repository.ProjectRepository.findByClient(com.arcitech.model.User); Could not resolve attribute 'client' of 'com.arcitech.model.Project'
	at org.springframework.data.jpa.repository.query.PartTreeJpaQuery.<init>(PartTreeJpaQuery.java:107) ~[spring-data-jpa-3.5.5.jar:3.5.5]
	at org.springframework.data.jpa.repository.query.JpaQueryLookupStrategy$CreateQueryLookupStrategy.resolveQuery(JpaQueryLookupStrategy.java:128) ~[spring-data-jpa-3.5.5.jar:3.5.5]
	at org.springframework.data.jpa.repository.query.JpaQueryLookupStrategy$CreateIfNotFoundQueryLookupStrategy.resolveQuery(JpaQueryLookupStrategy.java:260) ~[spring-data-jpa-3.5.5.jar:3.5.5]
	at org.springframework.data.jpa.repository.query.JpaQueryLookupStrategy$AbstractQueryLookupStrategy.resolveQuery(JpaQueryLookupStrategy.java:99) ~[spring-data-jpa-3.5.5.jar:3.5.5]
	at org.springframework.data.repository.core.support.QueryExecutorMethodInterceptor.lookupQuery(QueryExecutorMethodInterceptor.java:116) ~[spring-data-commons-3.5.5.jar:3.5.5]
	... 61 common frames omitted
Caused by: org.hibernate.query.sqm.PathElementException: Could not resolve attribute 'client' of 'com.arcitech.model.Project'
	at org.hibernate.query.sqm.SqmPathSource.getSubPathSource(SqmPathSource.java:95) ~[hibernate-core-6.6.33.Final.jar:6.6.33.Final]
	at org.hibernate.query.sqm.tree.domain.AbstractSqmPath.get(AbstractSqmPath.java:199) ~[hibernate-core-6.6.33.Final.jar:6.6.33.Final]
	at org.hibernate.query.sqm.tree.domain.AbstractSqmPath.get(AbstractSqmPath.java:44) ~[hibernate-core-6.6.33.Final.jar:6.6.33.Final]
	at org.springframework.data.jpa.repository.query.QueryUtils.getModelForPath(QueryUtils.java:1015) ~[spring-data-jpa-3.5.5.jar:3.5.5]
	at org.springframework.data.jpa.repository.query.QueryUtils.requiresOuterJoin(QueryUtils.java:865) ~[spring-data-jpa-3.5.5.jar:3.5.5]
	at org.springframework.data.jpa.repository.query.QueryUtils.toExpressionRecursively(QueryUtils.java:820) ~[spring-data-jpa-3.5.5.jar:3.5.5]
	at org.springframework.data.jpa.repository.query.QueryUtils.toExpressionRecursively(QueryUtils.java:799) ~[spring-data-jpa-3.5.5.jar:3.5.5]
	at org.springframework.data.jpa.repository.query.QueryUtils.toExpressionRecursively(QueryUtils.java:794) ~[spring-data-jpa-3.5.5.jar:3.5.5]
	at org.springframework.data.jpa.repository.query.JpaQueryCreator$PredicateBuilder.getTypedPath(JpaQueryCreator.java:393) ~[spring-data-jpa-3.5.5.jar:3.5.5]
	at org.springframework.data.jpa.repository.query.JpaQueryCreator$PredicateBuilder.build(JpaQueryCreator.java:313) ~[spring-data-jpa-3.5.5.jar:3.5.5]
	at org.springframework.data.jpa.repository.query.JpaQueryCreator.toPredicate(JpaQueryCreator.java:211) ~[spring-data-jpa-3.5.5.jar:3.5.5]
	at org.springframework.data.jpa.repository.query.JpaQueryCreator.create(JpaQueryCreator.java:122) ~[spring-data-jpa-3.5.5.jar:3.5.5]
	at org.springframework.data.jpa.repository.query.JpaQueryCreator.create(JpaQueryCreator.java:1) ~[spring-data-jpa-3.5.5.jar:3.5.5]
	at org.springframework.data.repository.query.parser.AbstractQueryCreator.createCriteria(AbstractQueryCreator.java:119) ~[spring-data-commons-3.5.5.jar:3.5.5]
	at org.springframework.data.repository.query.parser.AbstractQueryCreator.createQuery(AbstractQueryCreator.java:95) ~[spring-data-commons-3.5.5.jar:3.5.5]
	at org.springframework.data.repository.query.parser.AbstractQueryCreator.createQuery(AbstractQueryCreator.java:81) ~[spring-data-commons-3.5.5.jar:3.5.5]
	at org.springframework.data.jpa.repository.query.PartTreeJpaQuery$QueryPreparer.<init>(PartTreeJpaQuery.java:224) ~[spring-data-jpa-3.5.5.jar:3.5.5]
	at org.springframework.data.jpa.repository.query.PartTreeJpaQuery$CountQueryPreparer.<init>(PartTreeJpaQuery.java:370) ~[spring-data-jpa-3.5.5.jar:3.5.5]
	at org.springframework.data.jpa.repository.query.PartTreeJpaQuery.<init>(PartTreeJpaQuery.java:103) ~[spring-data-jpa-3.5.5.jar:3.5.5]
	... 65 common frames omitted

